2025-10-26 17:01:52, MOVE, v:1, k:poo@camisa, mode:PICK
2025-10-26 17:01:55, MOVE, v:1, k:poo@camisa, mode:BACK
2025-10-26 17:03:22, SELF, v:1, k:poo@camisa, rate:90, human:nao, iagen:nao, guide:sim, other:sim_anotacoes, alone:9
2025-10-26 17:05:49, MOVE, v:1, k:poo@motouber, mode:DOWN
2025-10-26 20:33:02, MOVE, v:1, k:poo@motouber, mode:PICK
2025-10-26 20:33:04, EXEC, v:1, k:poo@motouber, mode:FULL, rate:0, size:108
2025-10-26 20:33:48, EXEC, v:1, k:poo@motouber, mode:FULL, rate:0, size:108
2025-10-26 20:34:22, EXEC, v:1, k:poo@motouber, mode:FULL, rate:0, size:108
2025-10-26 20:34:49, EXEC, v:1, k:poo@motouber, mode:FULL, rate:0, size:108
2025-10-26 20:35:06, EXEC, v:1, k:poo@motouber, mode:FULL, rate:0, size:108
2025-10-26 20:35:45, EXEC, v:1, k:poo@motouber, mode:FULL, rate:0, size:108
2025-10-26 20:36:29, EXEC, v:1, k:poo@motouber, mode:FULL, rate:0, size:108
2025-10-26 20:36:44, EXEC, v:1, k:poo@motouber, mode:FULL, rate:0, size:108
2025-10-26 20:37:05, EXEC, v:1, k:poo@motouber, mode:FULL, rate:75, size:108
2025-10-26 20:42:53, EXEC, v:1, k:poo@motouber, mode:FULL, rate:75, size:111
2025-10-26 20:43:02, EXEC, v:1, k:poo@motouber, mode:FULL, rate:75
2025-10-26 20:46:25, EXEC, v:1, k:poo@motouber, mode:FULL, rate:75
2025-10-26 20:46:25, EXEC, v:1, k:poo@motouber, mode:FULL, rate:75
2025-10-26 20:46:25, EXEC, v:1, k:poo@motouber, mode:FULL, rate:75
2025-10-26 20:46:26, EXEC, v:1, k:poo@motouber, mode:FULL, rate:75, size:111
2025-10-26 20:46:26, EXEC, v:1, k:poo@motouber, mode:FULL, rate:75, size:111
2025-10-26 20:46:26, EXEC, v:1, k:poo@motouber, mode:FULL, rate:75, size:111
2025-10-26 20:50:26, EXEC, v:1, k:poo@motouber, mode:FULL, rate:75, size:113
2025-10-26 20:51:35, EXEC, v:1, k:poo@motouber, mode:FULL, rate:75, size:113
2025-10-26 20:52:26, EXEC, v:1, k:poo@motouber, mode:FULL, rate:87, size:113
2025-10-26 20:57:58, EXEC, v:1, k:poo@motouber, mode:FULL, rate:0, size:113
2025-10-26 20:59:11, EXEC, v:1, k:poo@motouber, mode:FULL, rate:0, size:113
2025-10-26 20:59:25, EXEC, v:1, k:poo@motouber, mode:FULL, rate:0, size:113
2025-10-26 21:00:08, EXEC, v:1, k:poo@motouber, mode:FULL, rate:0, size:113
2025-10-26 21:00:42, EXEC, v:1, k:poo@motouber, mode:FULL, rate:0, size:113
2025-10-26 21:02:23, EXEC, v:1, k:poo@motouber, mode:FULL, rate:0, size:113
2025-10-26 21:02:27, EXEC, v:1, k:poo@motouber, mode:FULL, rate:0
2025-10-26 21:02:42, EXEC, v:1, k:poo@motouber, mode:FULL, rate:0
2025-10-26 21:04:34, EXEC, v:1, k:poo@motouber, mode:FULL, rate:75, size:113
2025-10-26 21:05:29, MOVE, v:1, k:poo@motouber, mode:PICK
2025-10-26 21:05:31, EXEC, v:1, k:poo@motouber, mode:FULL, rate:75
2025-10-26 21:08:09, EXEC, v:1, k:poo@motouber, mode:FULL, rate:75, size:114
2025-10-26 21:08:38, EXEC, v:1, k:poo@motouber, mode:FULL, rate:75, size:115
2025-10-26 21:14:34, EXEC, v:1, k:poo@motouber, mode:FULL, rate:75, size:113
2025-10-26 21:45:43, EXEC, v:1, k:poo@motouber, mode:FULL, rate:75, size:114
2025-10-26 21:46:16, EXEC, v:1, k:poo@motouber, mode:FULL, rate:75, size:113
2025-10-26 21:46:28, EXEC, v:1, k:poo@motouber, mode:FULL, rate:75, size:113
2025-10-26 21:46:39, EXEC, v:1, k:poo@motouber, mode:FULL, rate:87, size:113
2025-10-26 21:46:54, EXEC, v:1, k:poo@motouber, mode:FULL, rate:75, size:113
2025-10-26 21:47:16, EXEC, v:1, k:poo@motouber, mode:FULL, rate:87, size:113
2025-10-26 21:47:30, EXEC, v:1, k:poo@motouber, mode:FULL, rate:75, size:113
2025-10-26 21:49:26, EXEC, v:1, k:poo@motouber, mode:FULL, rate:75
2025-10-26 21:50:28, EXEC, v:1, k:poo@motouber, mode:FULL, rate:75, size:113
2025-10-26 21:50:42, EXEC, v:1, k:poo@motouber, mode:FULL, rate:87, size:113
2025-10-26 21:51:04, EXEC, v:1, k:poo@motouber, mode:FULL, rate:87, size:113
2025-10-26 21:51:26, EXEC, v:1, k:poo@motouber, mode:FULL, rate:100, size:113
2025-10-26 21:53:57, EXEC, v:1, k:poo@motouber, mode:FULL, rate:87, size:113
2025-10-26 21:54:04, EXEC, v:1, k:poo@motouber, mode:FULL, rate:100, size:113
2025-10-26 21:55:45, EXEC, v:1, k:poo@motouber, mode:FULL, rate:75, size:113
2025-10-26 22:01:02, EXEC, v:1, k:poo@motouber, mode:FULL, rate:100, size:113
2025-10-26 22:10:39, MOVE, v:1, k:poo@motouber, mode:PICK
